┌ Info: 2024-03-13T22:25:40.621 [3455906:1]: Pre-Initializing Simulation States
└ @ PowerSimulationsDynamics /home/gabrielecr/.julia/packages/PowerSimulationsDynamics/eCkhW/src/base/simulation.jl:265
┌ Info: 2024-03-13T22:25:40.621 [3455906:1]: Unit System changed to UnitSystem.SYSTEM_BASE = 0
└ @ PowerSystems /home/gabrielecr/.julia/packages/PowerSystems/mjN6j/src/base.jl:395
┌ Info: 2024-03-13T22:25:40.633 [3455906:1]: PowerFlow solve converged, the results have been stored in the system
└ @ PowerFlows /home/gabrielecr/.julia/packages/PowerFlows/6nw6s/src/nlsolve_ac_powerflow.jl:47
┌ Info: 2024-03-13T22:25:40.633 [3455906:1]: Unit System changed to UnitSystem.DEVICE_BASE = 1
└ @ PowerSystems /home/gabrielecr/.julia/packages/PowerSystems/mjN6j/src/base.jl:395
┌ Info: 2024-03-13T22:25:40.751 [3455906:1]: Residual from initial guess: max = 5.384581669432009e-11 at 1585, total = 1.863540361950053e-10
└ @ PowerSimulationsDynamics /home/gabrielecr/.julia/packages/PowerSimulationsDynamics/eCkhW/src/base/nlsolve_wrapper.jl:101
┌ Info: 2024-03-13T22:25:40.867 [3455906:1]: Initialization non-linear solve succeeded with a tolerance of 1.0e-9 using solver trust_region. Saving solution.
└ @ PowerSimulationsDynamics /home/gabrielecr/.julia/packages/PowerSimulationsDynamics/eCkhW/src/base/nlsolve_wrapper.jl:68
┌ Info: 2024-03-13T22:25:40.867 [3455906:1]: Attaching Perturbations
└ @ PowerSimulationsDynamics /home/gabrielecr/.julia/packages/PowerSimulationsDynamics/eCkhW/src/base/simulation.jl:296
┌ Info: 2024-03-13T22:25:40.868 [3455906:1]: Simulations status = BUILT
└ @ PowerSimulationsDynamics /home/gabrielecr/.julia/packages/PowerSimulationsDynamics/eCkhW/src/base/simulation.jl:428
┌ Info: 2024-03-13T22:25:40.868 [3455906:1]: 
│  ───────────────────────────────────────────────────────────────────────────────
│                                                      Time          Allocations  
│                                                ───────────────   ───────────────
│                 Total measured:                     252ms             344MiB    
│ 
│  Section                               ncalls     time    %tot     alloc    %tot
│  ───────────────────────────────────────────────────────────────────────────────
│  Build Simulation                           1    252ms  100.0%    344MiB  100.0%
│    Build Simulation Inputs                  1   5.57ms    2.2%   4.27MiB    1.2%
│      Wrap Branches                          1   2.51ms    1.0%    936KiB    0.3%
│      Wrap Dynamic Injectors                 1    203μs    0.1%   68.5KiB    0.0%
│      Calculate MM, DAE_vector, Tota...      1    387μs    0.2%   1.26MiB    0.4%
│      Wrap Static Injectors                  1   43.1μs    0.0%   9.75KiB    0.0%
│    Pre-initialization                       1   12.1ms    4.8%   7.10MiB    2.1%
│      Power Flow solution                    1   11.5ms    4.6%   6.65MiB    1.9%
│      Initialize Static Injectors            1    431ns    0.0%     0.00B    0.0%
│      Initialize Dynamic Injectors           1    298μs    0.1%    218KiB    0.1%
│      Initialize Dynamic Branches            1    248μs    0.1%    216KiB    0.1%
│    Calculate Jacobian                       1    117ms   46.5%    166MiB   48.3%
│    Make Model Function                      1   8.37μs    0.0%   13.5KiB    0.0%
│    Initial Condition NLsolve refine...      1    117ms   46.4%    166MiB   48.4%
│    Build Perturbations                      1   65.3μs    0.0%   9.27KiB    0.0%
│    Make DiffEq Problem                      1    145μs    0.1%   29.0KiB    0.0%
│  ───────────────────────────────────────────────────────────────────────────────
│ 
└ @ PowerSimulationsDynamics /home/gabrielecr/.julia/packages/PowerSimulationsDynamics/eCkhW/src/base/simulation.jl:453
